Release 14.7 Map P.20131013 (nt64)
Xilinx Mapping Report File for Design 'mojo_top_0'

Design Information
------------------
Command Line   : map -intstyle pa -w -pr b -mt on mojo_top_0.ngd 
Target Device  : xc6slx9
Target Package : tqg144
Target Speed   : -2
Mapper Version : spartan6 -- $Revision: 1.55 $
Mapped Date    : Fri Dec 11 12:40:08 2015

Design Summary
--------------
Number of errors:      0
Number of warnings:    0
Slice Logic Utilization:
  Number of Slice Registers:                   608 out of  11,440    5%
    Number used as Flip Flops:                 608
    Number used as Latches:                      0
    Number used as Latch-thrus:                  0
    Number used as AND/OR logics:                0
  Number of Slice LUTs:                      1,326 out of   5,720   23%
    Number used as logic:                    1,301 out of   5,720   22%
      Number using O6 output only:             800
      Number using O5 output only:             256
      Number using O5 and O6:                  245
      Number used as ROM:                        0
    Number used as Memory:                       8 out of   1,440    1%
      Number used as Dual Port RAM:              0
      Number used as Single Port RAM:            0
      Number used as Shift Register:             8
        Number using O6 output only:             4
        Number using O5 output only:             0
        Number using O5 and O6:                  4
    Number used exclusively as route-thrus:     17
      Number with same-slice register load:      1
      Number with same-slice carry load:        16
      Number with other load:                    0

Slice Logic Distribution:
  Number of occupied Slices:                   436 out of   1,430   30%
  Number of MUXCYs used:                       624 out of   2,860   21%
  Number of LUT Flip Flop pairs used:        1,328
    Number with an unused Flip Flop:           755 out of   1,328   56%
    Number with an unused LUT:                   2 out of   1,328    1%
    Number of fully used LUT-FF pairs:         571 out of   1,328   42%
    Number of unique control sets:              29
    Number of slice register sites lost
      to control set restrictions:              92 out of  11,440    1%

  A LUT Flip Flop pair for this architecture represents one LUT paired with
  one Flip Flop within a slice.  A control set is a unique combination of
  clock, reset, set, and enable signals for a registered element.
  The Slice Logic Distribution report is not meaningful if the design is
  over-mapped for a non-slice resource or if Placement fails.

IO Utilization:
  Number of bonded IOBs:                        53 out of     102   51%
    Number of LOCed IOBs:                       53 out of      53  100%

Specific Feature Utilization:
  Number of RAMB16BWERs:                         0 out of      32    0%
  Number of RAMB8BWERs:                          0 out of      64    0%
  Number of BUFIO2/BUFIO2_2CLKs:                 0 out of      32    0%
  Number of BUFIO2FB/BUFIO2FB_2CLKs:             0 out of      32    0%
  Number of BUFG/BUFGMUXs:                       1 out of      16    6%
    Number used as BUFGs:                        1
    Number used as BUFGMUX:                      0
  Number of DCM/DCM_CLKGENs:                     0 out of       4    0%
  Number of ILOGIC2/ISERDES2s:                   0 out of     200    0%
  Number of IODELAY2/IODRP2/IODRP2_MCBs:         0 out of     200    0%
  Number of OLOGIC2/OSERDES2s:                   0 out of     200    0%
  Number of BSCANs:                              0 out of       4    0%
  Number of BUFHs:                               0 out of     128    0%
  Number of BUFPLLs:                             0 out of       8    0%
  Number of BUFPLL_MCBs:                         0 out of       4    0%
  Number of DSP48A1s:                            0 out of      16    0%
  Number of ICAPs:                               0 out of       1    0%
  Number of MCBs:                                0 out of       2    0%
  Number of PCILOGICSEs:                         0 out of       2    0%
  Number of PLL_ADVs:                            0 out of       2    0%
  Number of PMVs:                                0 out of       1    0%
  Number of STARTUPs:                            0 out of       1    0%
  Number of SUSPEND_SYNCs:                       0 out of       1    0%

Average Fanout of Non-Clock Nets:                4.22

Peak Memory Usage:  436 MB
Total REAL time to MAP completion:  30 secs 
Total CPU time to MAP completion (all processors):   30 secs 

Table of Contents
-----------------
Section 1 - Errors
Section 2 - Warnings
Section 3 - Informational
Section 4 - Removed Logic Summary
Section 5 - Removed Logic
Section 6 - IOB Properties
Section 7 - RPMs
Section 8 - Guide Report
Section 9 - Area Group and Partition Summary
Section 10 - Timing Report
Section 11 - Configuration String Information
Section 12 - Control Set Information
Section 13 - Utilization by Hierarchy

Section 1 - Errors
------------------

Section 2 - Warnings
--------------------

Section 3 - Informational
-------------------------
INFO:Map:284 - Map is running with the multi-threading option on. Map currently
   supports the use of up to 2 processors. Based on the the user options and
   machine load, Map will use 2 processors during this run.
INFO:MapLib:562 - No environment variables are currently set.
INFO:LIT:244 - All of the single ended outputs in this design are using slew
   rate limited output drivers. The delay on speed critical single ended outputs
   can be dramatically reduced by designating them as fast outputs.
INFO:Pack:1716 - Initializing temperature to 85.000 Celsius. (default - Range:
   0.000 to 85.000 Celsius)
INFO:Pack:1720 - Initializing voltage to 1.140 Volts. (default - Range: 1.140 to
   1.260 Volts)
INFO:Map:215 - The Interim Design Summary has been generated in the MAP Report
   (.mrp).
INFO:Pack:1650 - Map created a placed design.

Section 4 - Removed Logic Summary
---------------------------------
   1 block(s) removed
  81 block(s) optimized away
   1 signal(s) removed

Section 5 - Removed Logic
-------------------------

The trimmed logic report below shows the logic removed from your design due to
sourceless or loadless signals, and VCC or ground connections.  If the removal
of a signal or symbol results in the subsequent removal of an additional signal
or symbol, the message explaining that second removal will be indented.  This
indentation will be repeated as a chain of related logic is removed.

To quickly locate the original cause for the removal of a chain of logic, look
above the place where that logic is listed in the trimming report, then locate
the lines that are least indented (begin at the leftmost edge).

The signal "alu8bit/n0115[3]" is sourceless and has been removed.
Unused block "alu8bit/Mmult_n0115" (DSP48A1) removed.

Optimized Block(s):
TYPE 		BLOCK
VCC 		XST_VCC
GND 		alu8bit/XST_GND
VCC 		alu8bit/XST_VCC
GND 		bcgameselectone/XST_GND
VCC 		bcgameselectone/XST_VCC
GND 		bcgameselectone/sync/XST_GND
VCC 		bcgameselectone/sync/XST_VCC
GND 		bcgameselectthree/XST_GND
VCC 		bcgameselectthree/XST_VCC
GND 		bcgameselectthree/sync/XST_GND
VCC 		bcgameselectthree/sync/XST_VCC
GND 		bcgameselecttwo/XST_GND
VCC 		bcgameselecttwo/XST_VCC
GND 		bcgameselecttwo/sync/XST_GND
VCC 		bcgameselecttwo/sync/XST_VCC
GND 		bconeone/XST_GND
VCC 		bconeone/XST_VCC
GND 		bconeone/sync/XST_GND
VCC 		bconeone/sync/XST_VCC
GND 		bconethree/XST_GND
VCC 		bconethree/XST_VCC
GND 		bconethree/sync/XST_GND
VCC 		bconethree/sync/XST_VCC
GND 		bconetwo/XST_GND
VCC 		bconetwo/XST_VCC
GND 		bconetwo/sync/XST_GND
VCC 		bconetwo/sync/XST_VCC
GND 		bcthreeone/XST_GND
VCC 		bcthreeone/XST_VCC
GND 		bcthreeone/sync/XST_GND
VCC 		bcthreeone/sync/XST_VCC
GND 		bcthreethree/XST_GND
VCC 		bcthreethree/XST_VCC
GND 		bcthreethree/sync/XST_GND
VCC 		bcthreethree/sync/XST_VCC
GND 		bcthreetwo/XST_GND
VCC 		bcthreetwo/XST_VCC
GND 		bcthreetwo/sync/XST_GND
VCC 		bcthreetwo/sync/XST_VCC
GND 		bctwoone/XST_GND
VCC 		bctwoone/XST_VCC
GND 		bctwoone/sync/XST_GND
VCC 		bctwoone/sync/XST_VCC
GND 		bctwothree/XST_GND
VCC 		bctwothree/XST_VCC
GND 		bctwothree/sync/XST_GND
VCC 		bctwothree/sync/XST_VCC
GND 		bctwotwo/XST_GND
VCC 		bctwotwo/XST_VCC
GND 		bctwotwo/sync/XST_GND
VCC 		bctwotwo/sync/XST_VCC
GND 		ctr_sevensegdisplay/XST_GND
VCC 		ctr_sevensegdisplay/XST_VCC
GND 		gameonemanager/gameonecountdowntimer/XST_GND
VCC 		gameonemanager/gameonecountdowntimer/XST_VCC
GND 		gamethreemanager/countdowntimer2/XST_GND
VCC 		gamethreemanager/countdowntimer2/XST_VCC
GND 		gamethreemanager/inputcountdowntimer2/XST_GND
VCC 		gamethreemanager/inputcountdowntimer2/XST_VCC
GND 		gametwomanager/countdowntimer/XST_GND
VCC 		gametwomanager/countdowntimer/XST_VCC
GND 		gametwomanager/gametwocentralleddisplay/leddisplayctr/XST_GND
GND 		gametwomanager/gametwocompareplayerone/XST_GND
VCC 		gametwomanager/gametwocompareplayerone/XST_VCC
GND 		gametwomanager/gametwocompareplayerthree/XST_GND
VCC 		gametwomanager/gametwocompareplayerthree/XST_VCC
GND 		gametwomanager/gametwocompareplayertwo/XST_GND
VCC 		gametwomanager/gametwocompareplayertwo/XST_VCC
GND 		gametwomanager/gametwoplayerone/gametwoinput/XST_GND
GND 		gametwomanager/gametwoplayerone/scorectr/XST_GND
VCC 		gametwomanager/gametwoplayerone/scorectr/XST_VCC
GND 		gametwomanager/gametwoplayerthree/gametwoinput/XST_GND
GND 		gametwomanager/gametwoplayerthree/scorectr/XST_GND
VCC 		gametwomanager/gametwoplayerthree/scorectr/XST_VCC
GND 		gametwomanager/gametwoplayertwo/gametwoinput/XST_GND
GND 		gametwomanager/gametwoplayertwo/scorectr/XST_GND
VCC 		gametwomanager/gametwoplayertwo/scorectr/XST_VCC
GND 		gametwomanager/gametwosequencerom/XST_GND
GND 		gametwomanager/inputcountdowntimer/XST_GND
VCC 		gametwomanager/inputcountdowntimer/XST_VCC
GND 		reset_cond/XST_GND

To enable printing of redundant blocks removed and signals merged, set the
detailed map report option and rerun map.

Section 6 - IOB Properties
--------------------------

+---------------------------------------------------------------------------------------------------------------------------------------------------------+
| IOB Name                           | Type             | Direction | IO Standard          | Diff  | Drive    | Slew | Reg (s)      | Resistor | IOB      |
|                                    |                  |           |                      | Term  | Strength | Rate |              |          | Delay    |
+---------------------------------------------------------------------------------------------------------------------------------------------------------+
| centralleds[0]                     | IOB              | OUTPUT    | LVTTL                |       | 12       | SLOW |              |          |          |
| centralleds[1]                     | IOB              | OUTPUT    | LVTTL                |       | 12       | SLOW |              |          |          |
| centralleds[2]                     | IOB              | OUTPUT    | LVTTL                |       | 12       | SLOW |              |          |          |
| clk                                | IOB              | INPUT     | LVTTL                |       |          |      |              |          |          |
| gameselectbuttons[0]               | IOB              | INPUT     | LVTTL                |       |          |      |              | PULLDOWN |          |
| gameselectbuttons[1]               | IOB              | INPUT     | LVTTL                |       |          |      |              | PULLDOWN |          |
| gameselectbuttons[2]               | IOB              | INPUT     | LVTTL                |       |          |      |              | PULLDOWN |          |
| io_led[0]                          | IOB              | OUTPUT    | LVTTL                |       | 12       | SLOW |              |          |          |
| io_led[1]                          | IOB              | OUTPUT    | LVTTL                |       | 12       | SLOW |              |          |          |
| io_led[2]                          | IOB              | OUTPUT    | LVTTL                |       | 12       | SLOW |              |          |          |
| io_led[3]                          | IOB              | OUTPUT    | LVTTL                |       | 12       | SLOW |              |          |          |
| io_led[4]                          | IOB              | OUTPUT    | LVTTL                |       | 12       | SLOW |              |          |          |
| io_led[5]                          | IOB              | OUTPUT    | LVTTL                |       | 12       | SLOW |              |          |          |
| io_led[6]                          | IOB              | OUTPUT    | LVTTL                |       | 12       | SLOW |              |          |          |
| io_led[7]                          | IOB              | OUTPUT    | LVTTL                |       | 12       | SLOW |              |          |          |
| io_led[8]                          | IOB              | OUTPUT    | LVTTL                |       | 12       | SLOW |              |          |          |
| io_led[9]                          | IOB              | OUTPUT    | LVTTL                |       | 12       | SLOW |              |          |          |
| io_led[10]                         | IOB              | OUTPUT    | LVTTL                |       | 12       | SLOW |              |          |          |
| io_led[11]                         | IOB              | OUTPUT    | LVTTL                |       | 12       | SLOW |              |          |          |
| io_led[12]                         | IOB              | OUTPUT    | LVTTL                |       | 12       | SLOW |              |          |          |
| io_led[13]                         | IOB              | OUTPUT    | LVTTL                |       | 12       | SLOW |              |          |          |
| io_led[14]                         | IOB              | OUTPUT    | LVTTL                |       | 12       | SLOW |              |          |          |
| io_led[15]                         | IOB              | OUTPUT    | LVTTL                |       | 12       | SLOW |              |          |          |
| io_led[16]                         | IOB              | OUTPUT    | LVTTL                |       | 12       | SLOW |              |          |          |
| io_led[17]                         | IOB              | OUTPUT    | LVTTL                |       | 12       | SLOW |              |          |          |
| io_led[18]                         | IOB              | OUTPUT    | LVTTL                |       | 12       | SLOW |              |          |          |
| io_led[19]                         | IOB              | OUTPUT    | LVTTL                |       | 12       | SLOW |              |          |          |
| io_led[20]                         | IOB              | OUTPUT    | LVTTL                |       | 12       | SLOW |              |          |          |
| io_led[21]                         | IOB              | OUTPUT    | LVTTL                |       | 12       | SLOW |              |          |          |
| io_led[22]                         | IOB              | OUTPUT    | LVTTL                |       | 12       | SLOW |              |          |          |
| io_led[23]                         | IOB              | OUTPUT    | LVTTL                |       | 12       | SLOW |              |          |          |
| io_seg[0]                          | IOB              | OUTPUT    | LVTTL                |       | 12       | SLOW |              |          |          |
| io_seg[1]                          | IOB              | OUTPUT    | LVTTL                |       | 12       | SLOW |              |          |          |
| io_seg[2]                          | IOB              | OUTPUT    | LVTTL                |       | 12       | SLOW |              |          |          |
| io_seg[3]                          | IOB              | OUTPUT    | LVTTL                |       | 12       | SLOW |              |          |          |
| io_seg[4]                          | IOB              | OUTPUT    | LVTTL                |       | 12       | SLOW |              |          |          |
| io_seg[5]                          | IOB              | OUTPUT    | LVTTL                |       | 12       | SLOW |              |          |          |
| io_seg[6]                          | IOB              | OUTPUT    | LVTTL                |       | 12       | SLOW |              |          |          |
| io_seg[7]                          | IOB              | OUTPUT    | LVTTL                |       | 12       | SLOW |              |          |          |
| io_sel[0]                          | IOB              | OUTPUT    | LVTTL                |       | 12       | SLOW |              |          |          |
| io_sel[1]                          | IOB              | OUTPUT    | LVTTL                |       | 12       | SLOW |              |          |          |
| io_sel[2]                          | IOB              | OUTPUT    | LVTTL                |       | 12       | SLOW |              |          |          |
| io_sel[3]                          | IOB              | OUTPUT    | LVTTL                |       | 12       | SLOW |              |          |          |
| playeronebuttons[0]                | IOB              | INPUT     | LVTTL                |       |          |      |              | PULLDOWN |          |
| playeronebuttons[1]                | IOB              | INPUT     | LVTTL                |       |          |      |              | PULLDOWN |          |
| playeronebuttons[2]                | IOB              | INPUT     | LVTTL                |       |          |      |              | PULLDOWN |          |
| playerthreebuttons[0]              | IOB              | INPUT     | LVTTL                |       |          |      |              | PULLDOWN |          |
| playerthreebuttons[1]              | IOB              | INPUT     | LVTTL                |       |          |      |              | PULLDOWN |          |
| playerthreebuttons[2]              | IOB              | INPUT     | LVTTL                |       |          |      |              | PULLDOWN |          |
| playertwobuttons[0]                | IOB              | INPUT     | LVTTL                |       |          |      |              | PULLDOWN |          |
| playertwobuttons[1]                | IOB              | INPUT     | LVTTL                |       |          |      |              | PULLDOWN |          |
| playertwobuttons[2]                | IOB              | INPUT     | LVTTL                |       |          |      |              | PULLDOWN |          |
| rst_n                              | IOB              | INPUT     | LVTTL                |       |          |      |              |          |          |
+---------------------------------------------------------------------------------------------------------------------------------------------------------+

Section 7 - RPMs
----------------

Section 8 - Guide Report
------------------------
Guide not run on this design.

Section 9 - Area Group and Partition Summary
--------------------------------------------

Partition Implementation Status
-------------------------------

  No Partitions were found in this design.

-------------------------------

Area Group Information
----------------------

  No area groups were found in this design.

----------------------

Section 10 - Timing Report
--------------------------
A logic-level (pre-route) timing report can be generated by using Xilinx static
timing analysis tools, Timing Analyzer (GUI) or TRCE (command line), with the
mapped NCD and PCF files. Please note that this timing report will be generated
using estimated delay information. For accurate numbers, please generate a
timing report with the post Place and Route NCD file.

For more information about the Timing Analyzer, consult the Xilinx Timing
Analyzer Reference Manual; for more information about TRCE, consult the Xilinx
Command Line Tools User Guide "TRACE" chapter.

Section 11 - Configuration String Details
-----------------------------------------
Use the "-detail" map option to print out Configuration Strings

Section 12 - Control Set Information
------------------------------------
Use the "-detail" map option to print out Control Set Information.

Section 13 - Utilization by Hierarchy
-------------------------------------
Use the "-detail" map option to print out the Utilization by Hierarchy section.
